[0809/010619.873:ERROR:audio_rtp_receiver.cc(89)] AudioRtpReceiver::OnSetVolume: No audio channel exists.
[0809/010619.873:WARNING:used_ids.h(55)] Duplicate id found. Reassigning from 104 to 127
[0809/010619.873:WARNING:used_ids.h(55)] Duplicate id found. Reassigning from 103 to 125
[0809/010619.873:WARNING:used_ids.h(55)] Duplicate id found. Reassigning from 1 to 14
[0809/010619.873:WARNING:used_ids.h(55)] Duplicate id found. Reassigning from 3 to 13
[0809/010619.873:WARNING:used_ids.h(55)] Duplicate id found. Reassigning from 5 to 12
[0809/010619.873:WARNING:used_ids.h(55)] Duplicate id found. Reassigning from 6 to 11
[0809/010640.493:WARNING:used_ids.h(55)] Duplicate id found. Reassigning from 104 to 127
[0809/010640.493:WARNING:used_ids.h(55)] Duplicate id found. Reassigning from 102 to 125
[0809/010640.493:WARNING:used_ids.h(55)] Duplicate id found. Reassigning from 104 to 124
[0809/010640.493:WARNING:used_ids.h(55)] Duplicate id found. Reassigning from 106 to 123
[0809/010640.493:WARNING:used_ids.h(55)] Duplicate id found. Reassigning from 103 to 122
[0809/010640.493:WARNING:used_ids.h(55)] Duplicate id found. Reassigning from 105 to 121
[0809/010640.493:WARNING:used_ids.h(55)] Duplicate id found. Reassigning from 109 to 120
[0809/010640.493:WARNING:used_ids.h(55)] Duplicate id found. Reassigning from 1 to 14
[0809/010640.493:WARNING:used_ids.h(55)] Duplicate id found. Reassigning from 3 to 13
[0809/010640.493:WARNING:used_ids.h(55)] Duplicate id found. Reassigning from 5 to 12
[0809/010640.493:WARNING:used_ids.h(55)] Duplicate id found. Reassigning from 6 to 11
[0809/010640.493:ERROR:audio_rtp_receiver.cc(89)] AudioRtpReceiver::OnSetVolume: No audio channel exists.
[0809/010656.872:ERROR:audio_rtp_receiver.cc(89)] AudioRtpReceiver::OnSetVolume: No audio channel exists.
[0809/010656.872:WARNING:used_ids.h(55)] Duplicate id found. Reassigning from 104 to 127
[0809/010656.872:WARNING:used_ids.h(55)] Duplicate id found. Reassigning from 102 to 125
[0809/010656.872:WARNING:used_ids.h(55)] Duplicate id found. Reassigning from 104 to 124
[0809/010656.872:WARNING:used_ids.h(55)] Duplicate id found. Reassigning from 106 to 123
[0809/010656.872:WARNING:used_ids.h(55)] Duplicate id found. Reassigning from 103 to 122
[0809/010656.872:WARNING:used_ids.h(55)] Duplicate id found. Reassigning from 105 to 121
[0809/010656.872:WARNING:used_ids.h(55)] Duplicate id found. Reassigning from 109 to 120
[0809/010656.872:WARNING:used_ids.h(55)] Duplicate id found. Reassigning from 1 to 14
[0809/010656.872:WARNING:used_ids.h(55)] Duplicate id found. Reassigning from 3 to 13
[0809/010656.872:WARNING:used_ids.h(55)] Duplicate id found. Reassigning from 5 to 12
[0809/010656.872:WARNING:used_ids.h(55)] Duplicate id found. Reassigning from 6 to 11
[0809/010707.205:ERROR:audio_rtp_receiver.cc(89)] AudioRtpReceiver::OnSetVolume: No audio channel exists.
[0809/010707.205:WARNING:used_ids.h(55)] Duplicate id found. Reassigning from 104 to 127
[0809/010707.205:WARNING:used_ids.h(55)] Duplicate id found. Reassigning from 102 to 125
[0809/010707.205:WARNING:used_ids.h(55)] Duplicate id found. Reassigning from 104 to 124
[0809/010707.205:WARNING:used_ids.h(55)] Duplicate id found. Reassigning from 106 to 123
[0809/010707.205:WARNING:used_ids.h(55)] Duplicate id found. Reassigning from 103 to 122
[0809/010707.205:WARNING:used_ids.h(55)] Duplicate id found. Reassigning from 105 to 121
[0809/010707.205:WARNING:used_ids.h(55)] Duplicate id found. Reassigning from 109 to 120
[0809/010707.205:WARNING:used_ids.h(55)] Duplicate id found. Reassigning from 1 to 14
[0809/010707.205:WARNING:used_ids.h(55)] Duplicate id found. Reassigning from 3 to 13
[0809/010707.205:WARNING:used_ids.h(55)] Duplicate id found. Reassigning from 5 to 12
[0809/010707.205:WARNING:used_ids.h(55)] Duplicate id found. Reassigning from 6 to 11
[0809/010728.779:WARNING:used_ids.h(55)] Duplicate id found. Reassigning from 104 to 127
[0809/010728.779:WARNING:used_ids.h(55)] Duplicate id found. Reassigning from 102 to 125
[0809/010728.779:WARNING:used_ids.h(55)] Duplicate id found. Reassigning from 104 to 124
[0809/010728.779:WARNING:used_ids.h(55)] Duplicate id found. Reassigning from 106 to 123
[0809/010728.779:WARNING:used_ids.h(55)] Duplicate id found. Reassigning from 103 to 122
[0809/010728.779:WARNING:used_ids.h(55)] Duplicate id found. Reassigning from 105 to 121
[0809/010728.779:WARNING:used_ids.h(55)] Duplicate id found. Reassigning from 109 to 120
[0809/010728.779:WARNING:used_ids.h(55)] Duplicate id found. Reassigning from 1 to 14
[0809/010728.779:WARNING:used_ids.h(55)] Duplicate id found. Reassigning from 3 to 13
[0809/010728.779:WARNING:used_ids.h(55)] Duplicate id found. Reassigning from 5 to 12
[0809/010728.779:WARNING:used_ids.h(55)] Duplicate id found. Reassigning from 6 to 11
[0809/010728.779:ERROR:audio_rtp_receiver.cc(89)] AudioRtpReceiver::OnSetVolume: No audio channel exists.
[0809/010734.349:WARNING:used_ids.h(55)] Duplicate id found. Reassigning from 104 to 127
[0809/010734.349:WARNING:used_ids.h(55)] Duplicate id found. Reassigning from 102 to 125
[0809/010734.349:WARNING:used_ids.h(55)] Duplicate id found. Reassigning from 104 to 124
[0809/010734.349:WARNING:used_ids.h(55)] Duplicate id found. Reassigning from 106 to 123
[0809/010734.349:WARNING:used_ids.h(55)] Duplicate id found. Reassigning from 103 to 122
[0809/010734.349:WARNING:used_ids.h(55)] Duplicate id found. Reassigning from 105 to 121
[0809/010734.349:WARNING:used_ids.h(55)] Duplicate id found. Reassigning from 109 to 120
[0809/010734.349:WARNING:used_ids.h(55)] Duplicate id found. Reassigning from 1 to 14
[0809/010734.349:WARNING:used_ids.h(55)] Duplicate id found. Reassigning from 3 to 13
[0809/010734.349:WARNING:used_ids.h(55)] Duplicate id found. Reassigning from 5 to 12
[0809/010734.349:WARNING:used_ids.h(55)] Duplicate id found. Reassigning from 6 to 11
[0809/010734.349:ERROR:audio_rtp_receiver.cc(89)] AudioRtpReceiver::OnSetVolume: No audio channel exists.
[0809/011116.635:WARNING:ipc_message_attachment_set.cc(49)] MessageAttachmentSet destroyed with unconsumed attachments: 0/1
[0809/011120.864:WARNING:spdy_session.cc(3365)] Received HEADERS for invalid stream 17
[0809/011134.191:ERROR:batching_media_log.cc(38)] MediaEvent: {"error":"FFmpegDemuxer: no supported streams"}
[0809/011134.191:ERROR:batching_media_log.cc(35)] MediaEvent: {"pipeline_error":14}
[0809/011134.390:ERROR:batching_media_log.cc(38)] MediaEvent: {"error":"FFmpegDemuxer: no supported streams"}
[0809/011134.390:ERROR:batching_media_log.cc(35)] MediaEvent: {"pipeline_error":14}
[0809/011326.936:WARNING:ipc_message_attachment_set.cc(49)] MessageAttachmentSet destroyed with unconsumed attachments: 0/1
[0809/011455.032:WARNING:spdy_session.cc(3365)] Received HEADERS for invalid stream 5
[0816/141302.353:WARNING:value_store_frontend.cc(44)] Reading mhjfbmdgcfjbbpaeojofohoefgiehjai.alarms from  failed: IO error: .../MANIFEST-000001: Unable to create sequential file (ChromeMethodBFE: 7::NewSequentialFile::1)
[0816/141336.134:ERROR:batching_media_log.cc(38)] MediaEvent: {"error":"FFmpegDemuxer: no supported streams"}
[0816/141336.134:ERROR:batching_media_log.cc(35)] MediaEvent: {"pipeline_error":14}
[0816/141336.136:ERROR:batching_media_log.cc(38)] MediaEvent: {"error":"FFmpegDemuxer: no supported streams"}
[0816/141336.136:ERROR:batching_media_log.cc(35)] MediaEvent: {"pipeline_error":14}
[0816/141336.162:WARNING:spdy_session.cc(3365)] Received HEADERS for invalid stream 51
[0816/141337.351:ERROR:leveldb_factory.cc(90)] Failed to open LevelDB database from C:/Users/정다민/Desktop/Paranoid/정다민/Paranoid02/Saved/webcache_4147\IndexedDB\https_www.youtube.com_0.indexeddb.leveldb,IO error: C:/Users/정다민/Desktop/Paranoid/정다민/Paranoid02/Saved/webcache_4147\IndexedDB\https_www.youtube.com_0.indexeddb.leveldb/MANIFEST-000001: Unable to create sequential file (ChromeMethodBFE: 7::NewSequentialFile::1)
[0816/141337.354:ERROR:leveldb_factory.cc(90)] Failed to open LevelDB database from C:/Users/정다민/Desktop/Paranoid/정다민/Paranoid02/Saved/webcache_4147\IndexedDB\https_www.youtube.com_0.indexeddb.leveldb,IO error: C:/Users/정다민/Desktop/Paranoid/정다민/Paranoid02/Saved/webcache_4147\IndexedDB\https_www.youtube.com_0.indexeddb.leveldb/MANIFEST-000001: Unable to create sequential file (ChromeMethodBFE: 7::NewSequentialFile::1)
